Worker with name: Александрова А.Ж. still work here.
Worker with name: Лебедев Щ.Ю.      still work here.
Worker with name: Григорьев Ч.О.    still work here.
Worker with name: Дмитриев Н.З.     still work here.
Worker with name: Попов М.Ч.        still work here.
Worker with name: Павлов Д.Ф.       still work here.
Worker with name: Богданов Щ.Л.     still work here.
Worker with name: Соколова Е.В.     still work here.
Worker with name: Семёнов В.Л.      still work here.
Worker with name: Николаева Г.Р.    still work here.
Worker with name: Волкова Х.Р.      still work here.
Worker with name: Павлов Щ.Я.       still work here.
Worker with name: Яковлев У.Р.      still work here.
Worker with name: Волков Р.Я.       still work here.
Worker with name: Яковлев М.Е.      still work here.
Worker with name: Степанов Ж.В.     still work here.
Worker with name: Семёнов Р.М.      still work here.
Worker with name: Васильев Ч.Н.     still work here.
Worker with name: Волкова Т.Ч.      still work here.
Worker with name: Никитин С.Ю.      still work here.
Worker with name: Семёнов С.Ц.      still work here.
Worker with name: Андреев Е.Ж.      still work here.
Worker with name: Фёдорова Ц.Н.     still work here.
Worker with name: Лебедев Ю.И.      still work here.
Worker with name: Михайлов У.А.     still work here.
Worker with name: Петрова К.Ю.      still work here.
Worker with name: Яковлева С.Ж.     still work here.
Worker with name: Николаева Ш.Е.    still work here.
Worker with name: Алексеева М.Ц.    still work here.
Worker with name: Егорова М.З.      still work here.
Worker with name: Фёдорова З.П.     still work here.
Worker with name: Павлов Т.Р.       still work here.
Worker with name: Дмитриев Ч.Л.     still work here.
Worker with name: Никитин Б.Т.      still work here.
Worker with name: Попов И.Т.        still work here.
Worker with name: Алексеева Л.Н.    still work here.
Worker with name: Яковлева О.О.     still work here.
Worker with name: Иванов Д.Ч.       still work here.
Worker with name: Дмитриева Х.З.    still work here.
Worker with name: Соловьёва Ж.Л.    still work here.
Worker with name: Николаева Ф.Д.    still work here.
Worker with name: Соколова Ц.Ш.     still work here.
Worker with name: Григорьев Е.М.    still work here.
Worker with name: Попова М.Ф.       still work here.
Worker with name: Смирнов Е.З.      still work here.
Worker with name: Кузнецов Б.Д.     still work here.
Worker with name: Соловьёва В.З.    still work here.
Worker with name: Семёнов Ф.Б.      still work here.
Worker with name: Соколова А.Н.     still work here.
Worker with name: Андреев Р.Ч.      still work here.
Worker with name: Смирнов Л.Л.      still work here.
Worker with name: Михайлова И.З.    still work here.
Worker with name: Фёдоров А.Н.      still work here.
Worker with name: Соколова Ч.В.     still work here.
Worker with name: Семёнов И.Щ.      still work here.
Worker with name: Иванова Е.Ж.      still work here.
Worker with name: Яковлев Ч.Ч.      still work here.
Worker with name: Лебедева П.О.     still work here.
Worker with name: Егоров Е.Э.       still work here.
Worker with name: Петров Т.Г.       still work here.
Worker with name: Петрова Ш.Д.      still work here.
Worker with name: Попов Р.Л.        still work here.
Worker with name: Степанов У.Х.     still work here.
Worker with name: Лебедева Ж.Ю.     still work here.
Worker with name: Никитина П.П.     still work here.
Worker with name: Николаев Э.Т.     still work here.
Worker with name: Соколова Б.З.     still work here.
Worker with name: Алексеев Я.Ш.     still work here.
Worker with name: Никитин Э.Г.      still work here.
Worker with name: Александров С.Т.  still work here.
Worker with name: Николаев Р.Ц.     still work here.
Worker with name: Алексеев Х.И.     still work here.
Worker with name: Павлов Ц.Ц.       still work here.
Worker with name: Никитина У.К.     still work here.
Worker with name: Богданов К.Г.     still work here.
Worker with name: Андреев Д.В.      still work here.
Worker with name: Никитин Е.Д.      still work here.
Worker with name: Егоров Я.А.       still work here.
Worker with name: Смирнов Р.Б.      still work here.
Worker with name: Михайлов Ц.П.     still work here.
Worker with name: Семёнов Щ.Р.      still work here.
Worker with name: Никитина Н.П.     still work here.
Worker with name: Яковлева Ш.И.     still work here.
Worker with name: Попов Г.У.        still work here.
Worker with name: Никитина Э.П.     still work here.
Worker with name: Андреев Л.А.      still work here.
Worker with name: Никитина Г.К.     still work here.
Worker with name: Петров Ш.Б.       still work here.
Worker with name: Лебедева И.Б.     still work here.
Worker with name: Семёнова Т.Г.     still work here.
Worker with name: Волкова Ч.Ж.      still work here.
Worker with name: Иванов И.Е.       still work here.
Worker with name: Степанова С.Ф.    still work here.
Worker with name: Семёнова П.Т.     still work here.
Worker with name: Лебедев П.С.      still work here.
Worker with name: Богданов Н.Н.     still work here.
Worker with name: Соловьёва О.П.    still work here.
Worker with name: Григорьева Э.О.   still work here.
Worker with name: Петрова Ш.Э.      still work here.
Worker with name: Дмитриев З.Д.     still work here.
Worker with name: Лебедева Ю.М.     still work here.
Worker with name: Лебедев Ч.Ц.      still work here.
Worker with name: Николаева А.Л.    still work here.
Worker with name: Фёдорова Ю.А.     still work here.
Worker with name: Попов Г.Г.        still work here.
Worker with name: Алексеев Г.У.     still work here.
Worker with name: Кузнецова Я.К.    still work here.
Worker with name: Егоров Ж.Ч.       still work here.
Worker with name: Соколова Ц.А.     still work here.
Worker with name: Яковлева О.Б.     still work here.
Worker with name: Михайлов У.Д.     still work here.
Worker with name: Никитин Л.Э.      still work here.
Worker with name: Павлова Э.У.      still work here.
Worker with name: Иванова И.Н.      still work here.
Worker with name: Смирнов К.С.      still work here.
Worker with name: Григорьев Щ.Т.    still work here.
Worker with name: Григорьева П.Б.   still work here.
Worker with name: Волков Р.Т.       still work here.
Worker with name: Смирнов Г.С.      still work here.
Worker with name: Смирнова Ф.В.     still work here.
Worker with name: Семёнов И.Я.      still work here.
Worker with name: Петрова У.Я.      still work here.
Worker with name: Александрова Б.Д. still work here.
Worker with name: Волкова И.Л.      still work here.
Worker with name: Алексеев Е.Е.     still work here.
Worker with name: Никитина П.Ц.     still work here.
Worker with name: Егорова У.А.      still work here.
Worker with name: Соколов И.П.      still work here.
Worker with name: Соколов З.Ч.      still work here.
Worker with name: Смирнова Щ.Ж.     still work here.
Worker with name: Павлова К.К.      still work here.
Worker with name: Васильева В.Ш.    still work here.
Worker with name: Егорова Б.О.      still work here.
Worker with name: Смирнова Т.К.     still work here.
Worker with name: Фёдорова М.К.     still work here.
Worker with name: Семёнов И.Е.      still work here.
Worker with name: Михайлова У.Ю.    still work here.
Worker with name: Григорьев Т.С.    still work here.
Worker with name: Александров Ч.Д.  still work here.
Worker with name: Степанова Л.В.    still work here.
Worker with name: Андреева Я.Б.     still work here.
Worker with name: Соколов Ж.П.      still work here.
Worker with name: Дмитриев У.А.     still work here.
Worker with name: Лебедев Д.Е.      still work here.
Worker with name: Андреев О.Ш.      still work here.
Worker with name: Иванова Г.З.      still work here.
Worker with name: Яковлев Ф.К.      still work here.
Worker with name: Яковлева Ф.П.     still work here.
Worker with name: Дмитриев М.Г.     still work here.
Worker with name: Кузнецова Н.Б.    still work here.
Worker with name: Лебедева О.Г.     still work here.
Worker with name: Петров Н.Ф.       still work here.
Worker with name: Иванов Г.Ш.       still work here.
Worker with name: Иванов Х.Е.       still work here.
Worker with name: Смирнова Я.Э.     still work here.
Worker with name: Богданов Т.Э.     still work here.
Worker with name: Богданов У.Ж.     still work here.
Worker with name: Дмитриева Ф.Л.    still work here.
Worker with name: Фёдорова З.Д.     still work here.
Worker with name: Яковлев Б.Я.      still work here.
Worker with name: Волкова Р.Ш.      still work here.
Worker with name: Фёдорова Е.Ж.     still work here.
Worker with name: Иванов Р.Т.       still work here.
Worker with name: Александров Ю.О.  still work here.
Worker with name: Богданов Ц.Ч.     still work here.
Worker with name: Алексеев Ш.Т.     still work here.
Worker with name: Александрова Н.Т. still work here.
Worker with name: Петров Ю.Ч.       still work here.
Worker with name: Лебедев Э.Ц.      still work here.
Worker with name: Кузнецов М.Э.     still work here.
Worker with name: Иванова Ц.С.      still work here.
Worker with name: Яковлев А.З.      still work here.
Worker with name: Лебедев В.Г.      still work here.
Worker with name: Фёдорова Р.Т.     still work here.
Worker with name: Михайлова Ч.Л.    still work here.
Worker with name: Петров У.Е.       still work here.
Worker with name: Степанов В.Т.     still work here.
Worker with name: Михайлова А.Л.    still work here.
Worker with name: Никитин Т.Ч.      still work here.
Worker with name: Михайлова Ч.М.    still work here.
Worker with name: Петров К.Э.       still work here.
Worker with name: Фёдоров Б.Х.      still work here.
Worker with name: Соколов Р.О.      still work here.
Worker with name: Николаев К.П.     still work here.
Worker with name: Волков Д.З.       still work here.
Worker with name: Степанова Р.М.    still work here.
Worker with name: Попов Ч.Ф.        still work here.
Worker with name: Павлов С.О.       still work here.
Worker with name: Александров Е.Ц.  still work here.
Worker with name: Дмитриев Ш.Т.     still work here.
Worker with name: Васильева Ч.Ц.    still work here.
Worker with name: Волков В.Ч.       still work here.
Worker with name: Михайлова Л.Ж.    still work here.
Worker with name: Михайлова Ч.С.    still work here.
Worker with name: Смирнов Г.Р.      still work here.
Worker with name: Михайлов П.Р.     still work here.
Worker with name: Андреев Р.Б.      still work here.
Worker with name: Алексеева А.Э.    still work here.
Worker with name: Павлова Я.Ю.      still work here.
Worker with name: Михайлов М.Я.     still work here.
Worker with name: Иванов Г.З.       still work here.
Worker with name: Смирнова О.В.     still work here.
Worker with name: Александрова Щ.М. still work here.
Worker with name: Фёдоров Ц.Ч.      still work here.
Worker with name: Волков П.С.       still work here.
Worker with name: Андреев Ю.Ш.      still work here.
Worker with name: Егорова Р.О.      still work here.
Worker with name: Васильев В.С.     still work here.
Worker with name: Михайлова Х.С.    still work here.
Worker with name: Лебедева Э.Д.     still work here.
Worker with name: Яковлев Д.И.      still work here.
Worker with name: Павлова Ш.М.      still work here.
Worker with name: Попова К.Я.       still work here.
Worker with name: Смирнов О.Ф.      still work here.
Worker with name: Григорьев И.Н.    still work here.
Worker with name: Андреев О.О.      still work here.
Worker with name: Семёнов Я.Ю.      still work here.
Worker with name: Дмитриев Ж.Т.     still work here.
Worker with name: Егоров Н.Э.       still work here.
Worker with name: Богданов Ш.К.     still work here.
Worker with name: Егоров Ж.Ю.       still work here.
Worker with name: Петров Ц.Я.       still work here.
Worker with name: Никитина У.Д.     still work here.
Worker with name: Никитин Р.Ф.      still work here.
Worker with name: Смирнов Ч.Э.      still work here.
Worker with name: Семёнов Т.П.      still work here.
Worker with name: Фёдорова О.Ж.     still work here.
Worker with name: Павлов А.Ш.       still work here.
Worker with name: Никитин Ц.Я.      still work here.
Worker with name: Андреев Н.Ж.      still work here.
Worker with name: Павлова Щ.И.      still work here.
Worker with name: Николаев Ж.Ж.     still work here.
Worker with name: Васильев Р.А.     still work here.
Worker with name: Васильев Щ.Ц.     still work here.
Worker with name: Соколов Х.Ю.      still work here.
Worker with name: Иванов А.Я.       still work here.
Worker with name: Яковлева Д.З.     still work here.
Worker with name: Степанова Э.Х.    still work here.
Worker with name: Дмитриева А.С.    still work here.
Worker with name: Андреева У.Ф.     still work here.
Worker with name: Соколов З.Н.      still work here.
Worker with name: Попова Э.Ф.       still work here.
Worker with name: Соколова У.Л.     still work here.
Worker with name: Иванов Ф.Ч.       still work here.
Worker with name: Андреева Ш.У.     still work here.
Worker with name: Иванов Щ.Д.       still work here.
Worker with name: Лебедева Д.Э.     still work here.
Worker with name: Степанов К.М.     still work here.
Worker with name: Соловьёва Д.Т.    still work here.
Worker with name: Семёнова Н.Я.     still work here.
Worker with name: Фёдоров Ю.Н.      still work here.
Worker with name: Николаева А.У.    still work here.
Worker with name: Алексеева Р.И.    still work here.
Worker with name: Александров У.К.  still work here.
Worker with name: Иванова В.Д.      still work here.
Worker with name: Соколова Х.М.     still work here.
Worker with name: Семёнов К.Ю.      still work here.
Worker with name: Яковлева Д.Т.     still work here.
Worker with name: Петров З.Б.       still work here.
Worker with name: Дмитриев З.Ж.     still work here.
Worker with name: Павлова Ю.Х.      still work here.
Worker with name: Никитин Б.И.      still work here.
Worker with name: Васильев М.И.     still work here.
Worker with name: Николаев Д.Ч.     still work here.
Worker with name: Попов Г.Н.        still work here.
Worker with name: Попова Ц.Х.       still work here.
Worker with name: Кузнецов В.Э.     still work here.
Worker with name: Волкова С.Б.      still work here.
Worker with name: Никитин Ч.В.      still work here.
Worker with name: Попова О.М.       still work here.
Worker with name: Смирнов Х.М.      still work here.
Worker with name: Кузнецова О.Ю.    still work here.
Worker with name: Михайлов Ж.К.     still work here.
Worker with name: Иванов Б.Ф.       still work here.
Worker with name: Смирнова Н.О.     still work here.
Worker with name: Волкова Ф.Х.      still work here.
Worker with name: Фёдоров Я.Я.      still work here.
Worker with name: Кузнецов М.В.     still work here.
Worker with name: Никитина А.Э.     still work here.
Worker with name: Семёнова С.Е.     still work here.
Worker with name: Яковлев К.К.      still work here.
Worker with name: Яковлев Р.О.      still work here.
Worker with name: Григорьева С.Щ.   still work here.
Worker with name: Николаева Х.К.    still work here.
Worker with name: Егоров Ф.Я.       still work here.
Worker with name: Богданов Ц.Г.     still work here.
Worker with name: Павлова И.Е.      still work here.
Worker with name: Соколов Д.В.      still work here.
Worker with name: Егорова В.А.      still work here.
Worker with name: Соколова Б.К.     still work here.
Worker with name: Яковлев Т.А.      still work here.
Worker with name: Яковлев П.Е.      still work here.
Worker with name: Соколов К.Б.      still work here.
Worker with name: Соловьёва Р.Е.    still work here.
Worker with name: Соколова Ч.Ч.     still work here.
Worker with name: Александров Л.Г.  still work here.
Worker with name: Яковлев Ч.К.      still work here.
Worker with name: Степанова Ш.Я.    still work here.
Worker with name: Никитин Е.Ц.      still work here.
Worker with name: Степанова З.Л.    still work here.
Worker with name: Васильев Ц.Х.     still work here.
Worker with name: Степанова В.Т.    still work here.
Worker with name: Павлова Н.Ф.      still work here.
Worker with name: Лебедева Н.Е.     still work here.
Worker with name: Васильев Я.Э.     still work here.
Worker with name: Яковлева У.Ч.     still work here.
Worker with name: Смирнов Я.Ж.      still work here.
Worker with name: Фёдорова М.Н.     still work here.
Worker with name: Дмитриев О.У.     still work here.
Worker with name: Михайлова Д.Ш.    still work here.
Worker with name: Александрова Ш.Т. still work here.
Worker with name: Семёнов Ж.Щ.      still work here.
Worker with name: Соколов Ш.Д.      still work here.
Worker with name: Семёнова В.Н.     still work here.
Worker with name: Богданова Щ.Ю.    still work here.
Worker with name: Егоров Р.Т.       still work here.
Worker with name: Соловьёва Ю.Н.    still work here.
Worker with name: Попова Г.Р.       still work here.
Worker with name: Егоров К.Я.       still work here.
Worker with name: Иванов К.И.       still work here.
Worker with name: Григорьева М.Щ.   still work here.
Worker with name: Алексеев Ю.А.     still work here.
Worker with name: Соловьёва Ж.Е.    still work here.
Worker with name: Кузнецова И.Е.    still work here.
Worker with name: Лебедев Б.Э.      still work here.
Worker with name: Никитин А.Ю.      still work here.
Worker with name: Попова Н.М.       still work here.
Worker with name: Павлов Н.И.       still work here.
Worker with name: Степанов Б.Г.     still work here.
Worker with name: Соловьёва Т.О.    still work here.
Worker with name: Попова Ц.К.       still work here.
Worker with name: Александрова Б.У. still work here.
Worker with name: Михайлова Д.Т.    still work here.
Worker with name: Соловьёв Щ.О.     still work here.
Worker with name: Смирнова А.Ф.     still work here.
Worker with name: Фёдорова Д.Ц.     still work here.
Worker with name: Дмитриева П.С.    still work here.
Worker with name: Алексеев П.Р.     still work here.
Worker with name: Петрова В.Я.      still work here.
Worker with name: Васильев С.Ц.     still work here.
Worker with name: Степанова Э.Ч.    still work here.
Worker with name: Михайлов Ф.М.     still work here.
Worker with name: Кузнецов Е.Е.     still work here.
Worker with name: Соколов Р.Ф.      still work here.
Worker with name: Никитина В.Я.     still work here.
Worker with name: Иванов Т.К.       still work here.
Worker with name: Волков Е.К.       still work here.
Worker with name: Попов Э.Ф.        still work here.
Worker with name: Алексеева Ф.О.    still work here.
Worker with name: Егорова О.Ч.      still work here.
Worker with name: Богданова З.Х.    still work here.
Worker with name: Павлов Б.И.       still work here.
Worker with name: Иванов Ю.Э.       still work here.
Worker with name: Соловьёва Ф.Я.    still work here.
Worker with name: Соколова Щ.У.     still work here.
Worker with name: Павлов Щ.В.       still work here.
Worker with name: Соловьёва Я.Б.    still work here.
Worker with name: Иванова Ф.Г.      still work here.
Worker with name: Никитин М.Ж.      still work here.
Worker with name: Васильев К.К.     still work here.
Worker with name: Андреев И.Р.      still work here.
Worker with name: Фёдорова Д.П.     still work here.
Worker with name: Григорьев П.Л.    still work here.
Worker with name: Попов У.М.        still work here.
Worker with name: Яковлева И.Ч.     still work here.
Worker with name: Яковлева Э.Г.     still work here.
Worker with name: Егоров Ю.К.       still work here.
Worker with name: Смирнов Ф.З.      still work here.
Worker with name: Кузнецова О.В.    still work here.
Worker with name: Семёнова К.Г.     still work here.
Worker with name: Соколов Ф.Н.      still work here.
Worker with name: Михайлова Ц.М.    still work here.
Worker with name: Семёнов З.А.      still work here.
Worker with name: Фёдорова У.Т.     still work here.
Worker with name: Дмитриев Л.Д.     still work here.
Worker with name: Степанов Б.Щ.     still work here.
Worker with name: Попов П.Ю.        still work here.
Worker with name: Андреев Ф.Щ.      still work here.
Worker with name: Иванова Ш.Ф.      still work here.
Worker with name: Михайлов Ж.Л.     still work here.
Worker with name: Андреева А.Ц.     still work here.
Worker with name: Николаев Ш.Е.     still work here.
Worker with name: Алексеев Ч.В.     still work here.
Worker with name: Алексеева М.Ф.    still work here.
Worker with name: Никитин И.Ю.      still work here.
Worker with name: Попов Л.Ш.        still work here.
Worker with name: Соловьёв М.Л.     still work here.
Worker with name: Семёнов Я.Д.      still work here.
Worker with name: Егорова П.Т.      still work here.
Worker with name: Григорьева К.З.   still work here.
Worker with name: Иванова Э.Д.      still work here.
Worker with name: Волков Ч.С.       still work here.
Worker with name: Петров У.А.       still work here.
Worker with name: Николаева Р.Б.    still work here.
Worker with name: Андреев В.К.      still work here.
Worker with name: Кузнецова И.У.    still work here.
Worker with name: Егорова Ф.Г.      still work here.
Worker with name: Григорьева В.Г.   still work here.
Worker with name: Григорьева Ю.Л.   still work here.
Worker with name: Александров Я.К.  still work here.
Worker with name: Попова Ч.Е.       still work here.
Worker with name: Кузнецов Т.Щ.     still work here.
Worker with name: Павлова О.Э.      still work here.
Worker with name: Алексеева Р.В.    still work here.
Worker with name: Фёдорова П.О.     still work here.
Worker with name: Михайлов В.Е.     still work here.
Worker with name: Васильев Т.Р.     still work here.
Worker with name: Яковлев Ж.Р.      still work here.
Worker with name: Попова Е.Ю.       still work here.
Worker with name: Лебедева Ч.Ш.     still work here.
Worker with name: Петров Щ.У.       still work here.
Worker with name: Васильев М.Т.     still work here.
Worker with name: Волкова Б.Ч.      still work here.
Worker with name: Соловьёв И.К.     still work here.
Worker with name: Алексеев В.Э.     still work here.
Worker with name: Андреев С.Г.      still work here.
Worker with name: Егорова Э.Н.      still work here.
Worker with name: Смирнова Г.Ю.     still work here.
Worker with name: Александров З.Б.  still work here.
Worker with name: Попов З.С.        still work here.
Worker with name: Иванова У.И.      still work here.
Worker with name: Лебедев Г.П.      still work here.
Worker with name: Смирнов С.Э.      still work here.
Worker with name: Иванова Е.З.      still work here.
Worker with name: Яковлева Г.Ч.     still work here.
Worker with name: Андреев Н.Ш.      still work here.
Worker with name: Дмитриев М.Ч.     still work here.
Worker with name: Попова Г.К.       still work here.
Worker with name: Павлов С.Г.       still work here.
Worker with name: Кузнецов З.П.     still work here.
Worker with name: Фёдоров К.Л.      still work here.
Worker with name: Петрова Ч.Х.      still work here.
Worker with name: Петров Ф.И.       still work here.
Worker with name: Яковлева Л.Я.     still work here.
Worker with name: Васильева Д.Б.    still work here.
Worker with name: Дмитриев С.К.     still work here.
Worker with name: Михайлова Э.Щ.    still work here.
Worker with name: Александрова Р.А. still work here.
Worker with name: Волков Щ.А.       still work here.
Worker with name: Петров М.П.       still work here.
Worker with name: Попова Ж.И.       still work here.
Worker with name: Егоров Ш.Р.       still work here.
Worker with name: Фёдорова К.Ф.     still work here.
Worker with name: Андреев Э.Щ.      still work here.
Worker with name: Дмитриева О.М.    still work here.
Worker with name: Смирнова К.М.     still work here.
Worker with name: Волков Ц.Д.       still work here.
Worker with name: Николаева Х.Ж.    still work here.
Worker with name: Попов В.Ч.        still work here.
Worker with name: Смирнов Ю.Ч.      still work here.
Worker with name: Фёдорова Ф.Ш.     still work here.
Worker with name: Павлова Е.З.      still work here.
Worker with name: Лебедев Н.Ю.      still work here.
Worker with name: Никитин Щ.Я.      still work here.
Worker with name: Петрова У.Ф.      still work here.
Worker with name: Смирнова Е.К.     still work here.
Worker with name: Петров Щ.П.       still work here.
Worker with name: Григорьева З.И.   still work here.
Worker with name: Александрова Ю.Р. still work here.
Worker with name: Соловьёв Ш.И.     still work here.
Worker with name: Петров Щ.Ю.       still work here.
Worker with name: Дмитриев М.П.     still work here.
Worker with name: Егорова К.Е.      still work here.
Worker with name: Соловьёва Д.О.    still work here.
Worker with name: Богданова У.Ш.    still work here.
Worker with name: Николаева Н.Х.    still work here.
Worker with name: Степанов Л.В.     still work here.
Worker with name: Николаев Н.Т.     still work here.
Worker with name: Григорьев К.Н.    still work here.
Worker with name: Петров М.А.       still work here.
Worker with name: Смирнов П.Я.      still work here.
Worker with name: Павлова В.Э.      still work here.
Worker with name: Дмитриев Б.М.     still work here.
Worker with name: Богданова Ф.П.    still work here.
Worker with name: Николаева У.Я.    still work here.
Worker with name: Яковлев У.Ч.      still work here.
Worker with name: Михайлов С.З.     still work here.
Worker with name: Кузнецова О.О.    still work here.
Worker with name: Богданова О.Т.    still work here.
Worker with name: Попов Е.И.        still work here.
Worker with name: Александров А.П.  still work here.
Worker with name: Петрова Ш.Г.      still work here.
Worker with name: Фёдорова Б.Н.     still work here.
Worker with name: Степанов П.Н.     still work here.
Worker with name: Фёдоров З.Е.      still work here.
Worker with name: Андреева Ш.Б.     still work here.
Worker with name: Григорьева Н.Е.   still work here.
Worker with name: Богданов Ш.В.     still work here.
Worker with name: Семёнова Щ.И.     still work here.
Worker with name: Кузнецова К.Щ.    still work here.
Worker with name: Андреева О.М.     still work here.
Worker with name: Васильева Г.П.    still work here.
Worker with name: Степанова Э.В.    still work here.
Worker with name: Яковлев А.О.      still work here.
Worker with name: Павлова М.М.      still work here.
Worker with name: Семёнова О.Е.     still work here.
Worker with name: Григорьев Я.О.    still work here.
Worker with name: Попова Б.Б.       still work here.
Worker with name: Кузнецов Ю.В.     still work here.
Worker with name: Алексеева Я.Ш.    still work here.
